\BOOKMARK [1][-]{Rfn.AnnotateVCFObj.1}{AnnotateVCFObj}{}% 1
\BOOKMARK [1][-]{Rfn.CheckIfVariantRefinementIsNecessary.1}{CheckIfVariantRefinementIsNecessary}{}% 2
\BOOKMARK [1][-]{Rfn.Chromosome.Names.1}{Chromosome.Names}{}% 3
\BOOKMARK [1][-]{Rfn.ComputeZScore.1}{ComputeZScore}{}% 4
\BOOKMARK [1][-]{Rfn.ComputeZScoreEquiValue.1}{ComputeZScoreEquiValue}{}% 5
\BOOKMARK [1][-]{Rfn.DecimalCeiling.1}{DecimalCeiling}{}% 6
\BOOKMARK [1][-]{Rfn.Default.Obj.Fn.1}{Default.Obj.Fn}{}% 7
\BOOKMARK [1][-]{Rfn.DefaultFilterToBinary.1}{DefaultFilterToBinary}{}% 8
\BOOKMARK [1][-]{Rfn.EnumerateTriNucCounts.1}{EnumerateTriNucCounts}{}% 9
\BOOKMARK [1][-]{Rfn.Euc.Exp.Weighted.Obj.Fn.1}{Euc.Exp.Weighted.Obj.Fn}{}% 10
\BOOKMARK [1][-]{Rfn.Euc.Exp.Weighted.Seq.Art.Only.Obj.Fn.1.1}{Euc.Exp.Weighted.Seq.Art.Only.Obj.Fn.1}{}% 11
\BOOKMARK [1][-]{Rfn.Euc.Exp.Weighted.Seq.Art.Only.Obj.Fn.2.1}{Euc.Exp.Weighted.Seq.Art.Only.Obj.Fn.2}{}% 12
\BOOKMARK [1][-]{Rfn.Euc.Obj.Fn.1}{Euc.Obj.Fn}{}% 13
\BOOKMARK [1][-]{Rfn.Exp.Weighted.A.Art.Obj.Fn.1}{Exp.Weighted.A.Art.Obj.Fn}{}% 14
\BOOKMARK [1][-]{Rfn.Exp.Weighted.A.Ref.Obj.Fn.1}{Exp.Weighted.A.Ref.Obj.Fn}{}% 15
\BOOKMARK [1][-]{Rfn.Exp.Weighted.Obj.Fn.1.1}{Exp.Weighted.Obj.Fn.1}{}% 16
\BOOKMARK [1][-]{Rfn.Exp.Weighted.Obj.Fn.2.1}{Exp.Weighted.Obj.Fn.2}{}% 17
\BOOKMARK [1][-]{Rfn.Exp.Weighted.Refined.Seq.Art.Only.Obj.Fn.1}{Exp.Weighted.Refined.Seq.Art.Only.Obj.Fn}{}% 18
\BOOKMARK [1][-]{Rfn.FilterByStrandBiasAnalysis.1}{FilterByStrandBiasAnalysis}{}% 19
\BOOKMARK [1][-]{Rfn.FilterVCF.1}{FilterVCF}{}% 20
\BOOKMARK [1][-]{Rfn.GenerateConfigObj.1}{GenerateConfigObj}{}% 21
\BOOKMARK [1][-]{Rfn.GetCOSMICMutSigs.1}{GetCOSMICMutSigs}{}% 22
\BOOKMARK [1][-]{Rfn.GetCOSMICMutSigsEtiologiesColors.1}{GetCOSMICMutSigsEtiologiesColors}{}% 23
\BOOKMARK [1][-]{Rfn.GetCOSMICMutSigsNames.1}{GetCOSMICMutSigsNames}{}% 24
\BOOKMARK [1][-]{Rfn.GetGASuggestedSolutions.1}{GetGASuggestedSolutions}{}% 25
\BOOKMARK [1][-]{Rfn.GetOptimizedSignatures.1}{GetOptimizedSignatures}{}% 26
\BOOKMARK [1][-]{Rfn.GetParameterLowerUpperVector.1}{GetParameterLowerUpperVector}{}% 27
\BOOKMARK [1][-]{Rfn.GetPCAWGMutSigs.1}{GetPCAWGMutSigs}{}% 28
\BOOKMARK [1][-]{Rfn.GetPCAWGMutSigsEtiologiesColors.1}{GetPCAWGMutSigsEtiologiesColors}{}% 29
\BOOKMARK [1][-]{Rfn.GetPCAWGMutSigsNames.1}{GetPCAWGMutSigsNames}{}% 30
\BOOKMARK [1][-]{Rfn.GetPCAWGPlatinumMutSigs.1}{GetPCAWGPlatinumMutSigs}{}% 31
\BOOKMARK [1][-]{Rfn.GetPCAWGPlatinumMutSigsEtiologiesColors.1}{GetPCAWGPlatinumMutSigsEtiologiesColors}{}% 32
\BOOKMARK [1][-]{Rfn.GetPCAWGPlatinumMutSigsNames.1}{GetPCAWGPlatinumMutSigsNames}{}% 33
\BOOKMARK [1][-]{Rfn.GetSeedForVCF.1}{GetSeedForVCF}{}% 34
\BOOKMARK [1][-]{Rfn.InitializeVCF.1}{InitializeVCF}{}% 35
\BOOKMARK [1][-]{Rfn.Leaky.ReLU.A.Art.Obj.Fn.1}{Leaky.ReLU.A.Art.Obj.Fn}{}% 36
\BOOKMARK [1][-]{Rfn.Leaky.ReLU.A.Ref.Obj.Fn.1}{Leaky.ReLU.A.Ref.Obj.Fn}{}% 37
\BOOKMARK [1][-]{Rfn.Leaky.ReLU.Obj.Fn.1}{Leaky.ReLU.Obj.Fn}{}% 38
\BOOKMARK [1][-]{Rfn.MakeFilter.1}{MakeFilter}{}% 39
\BOOKMARK [1][-]{Rfn.MutaliskParseVCFObj.1}{MutaliskParseVCFObj}{}% 40
\BOOKMARK [1][-]{Rfn.MutPatParseRefMutSigs.1}{MutPatParseRefMutSigs}{}% 41
\BOOKMARK [1][-]{Rfn.MutPatParseVCFObj.1}{MutPatParseVCFObj}{}% 42
\BOOKMARK [1][-]{Rfn.ParameterToBits.1}{ParameterToBits}{}% 43
\BOOKMARK [1][-]{Rfn.ParseConfigFile.1}{ParseConfigFile}{}% 44
\BOOKMARK [1][-]{Rfn.PCAWG.All.Sequencing.Artifact.Signatures.1}{PCAWG.All.Sequencing.Artifact.Signatures}{}% 45
\BOOKMARK [1][-]{Rfn.PCAWG.Known.Sequencing.Artifact.Signatures.1}{PCAWG.Known.Sequencing.Artifact.Signatures}{}% 46
\BOOKMARK [1][-]{Rfn.PCAWG.Platinum.All.Technology.Related.Artifact.Signatures.1}{PCAWG.Platinum.All.Technology.Related.Artifact.Signatures}{}% 47
\BOOKMARK [1][-]{Rfn.PCAWG.Possible.Sequencing.Artifact.Signatures.1}{PCAWG.Possible.Sequencing.Artifact.Signatures}{}% 48
\BOOKMARK [1][-]{Rfn.PCAWG.Target.Mutational.Signatures.1}{PCAWG.Target.Mutational.Signatures}{}% 49
\BOOKMARK [1][-]{Rfn.PerformStrandBiasAnalysis.1}{PerformStrandBiasAnalysis}{}% 50
\BOOKMARK [1][-]{Rfn.PlotMutaliskResults.1}{PlotMutaliskResults}{}% 51
\BOOKMARK [1][-]{Rfn.PlotMutationTypes.1}{PlotMutationTypes}{}% 52
\BOOKMARK [1][-]{Rfn.PlotOptimizationIterations.1}{PlotOptimizationIterations}{}% 53
\BOOKMARK [1][-]{Rfn.PlotSignaturesContProbs.1}{PlotSignaturesContProbs}{}% 54
\BOOKMARK [1][-]{Rfn.PlotTable.1}{PlotTable}{}% 55
\BOOKMARK [1][-]{Rfn.PlotTriNucSpectrum.1}{PlotTriNucSpectrum}{}% 56
\BOOKMARK [1][-]{Rfn.PlotVCFStatsBoxPlots.1}{PlotVCFStatsBoxPlots}{}% 57
\BOOKMARK [1][-]{Rfn.PlotVCFStatsHistograms.1}{PlotVCFStatsHistograms}{}% 58
\BOOKMARK [1][-]{Rfn.PrepareAnnotationDB.1}{PrepareAnnotationDB}{}% 59
\BOOKMARK [1][-]{Rfn.PrepareArtifactAnnotationTable.1}{PrepareArtifactAnnotationTable}{}% 60
\BOOKMARK [1][-]{Rfn.PrepareArtifactStrandBiasTable.1}{PrepareArtifactStrandBiasTable}{}% 61
\BOOKMARK [1][-]{Rfn.PrepareArtifactualMutsOptimizationIterationsPlot.1}{PrepareArtifactualMutsOptimizationIterationsPlot}{}% 62
\BOOKMARK [1][-]{Rfn.PrepareFilterCutoffsTable.1}{PrepareFilterCutoffsTable}{}% 63
\BOOKMARK [1][-]{Rfn.PrepareGeneticAlgorithmParametersTable.1}{PrepareGeneticAlgorithmParametersTable}{}% 64
\BOOKMARK [1][-]{Rfn.PrepareIdentifiedSignaturesPlot.1}{PrepareIdentifiedSignaturesPlot}{}% 65
\BOOKMARK [1][-]{Rfn.PrepareMLEReconstructedSpectrumsPlot.1}{PrepareMLEReconstructedSpectrumsPlot}{}% 66
\BOOKMARK [1][-]{Rfn.PrepareNucleotideSubstitutionTypesPlot.1}{PrepareNucleotideSubstitutionTypesPlot}{}% 67
\BOOKMARK [1][-]{Rfn.PrepareObservedSpectrumsPlot.1}{PrepareObservedSpectrumsPlot}{}% 68
\BOOKMARK [1][-]{Rfn.PrepareOptimizationResultsTable.1}{PrepareOptimizationResultsTable}{}% 69
\BOOKMARK [1][-]{Rfn.PrepareOptimizedVCFStatisticsPlot.1}{PrepareOptimizedVCFStatisticsPlot}{}% 70
\BOOKMARK [1][-]{Rfn.PrepareRefinedAnnotationTable.1}{PrepareRefinedAnnotationTable}{}% 71
\BOOKMARK [1][-]{Rfn.PrepareRefinedMutsOptimizationIterationsPlot.1}{PrepareRefinedMutsOptimizationIterationsPlot}{}% 72
\BOOKMARK [1][-]{Rfn.PrepareRefinedStrandBiasTable.1}{PrepareRefinedStrandBiasTable}{}% 73
\BOOKMARK [1][-]{Rfn.PrepareResidualSpectrumsPlot.1}{PrepareResidualSpectrumsPlot}{}% 74
\BOOKMARK [1][-]{Rfn.PrepareTrinucleotideSpectrumsTable.1}{PrepareTrinucleotideSpectrumsTable}{}% 75
\BOOKMARK [1][-]{Rfn.PrintLog.1}{PrintLog}{}% 76
\BOOKMARK [1][-]{Rfn.QueryAnnotatedVCF.1}{QueryAnnotatedVCF}{}% 77
\BOOKMARK [1][-]{Rfn.ReadOptimizationIterationReport.1}{ReadOptimizationIterationReport}{}% 78
\BOOKMARK [1][-]{Rfn.ReadVCF.1}{ReadVCF}{}% 79
\BOOKMARK [1][-]{Rfn.ReportFIREVATResults.1}{ReportFIREVATResults}{}% 80
\BOOKMARK [1][-]{Rfn.RunFIREVAT.1}{RunFIREVAT}{}% 81
\BOOKMARK [1][-]{Rfn.RunGAMode.1}{RunGAMode}{}% 82
\BOOKMARK [1][-]{Rfn.RunManualMode.1}{RunManualMode}{}% 83
\BOOKMARK [1][-]{Rfn.RunMutalisk.1}{RunMutalisk}{}% 84
\BOOKMARK [1][-]{Rfn.RunMutaliskHelper.1}{RunMutaliskHelper}{}% 85
\BOOKMARK [1][-]{Rfn.RunMutPat.1}{RunMutPat}{}% 86
\BOOKMARK [1][-]{Rfn.Sigmoid.Obj.Fn.1}{Sigmoid.Obj.Fn}{}% 87
\BOOKMARK [1][-]{Rfn.Test.Obj.Fn.1.1}{Test.Obj.Fn.1}{}% 88
\BOOKMARK [1][-]{Rfn.Test.Obj.Fn.2.1}{Test.Obj.Fn.2}{}% 89
\BOOKMARK [1][-]{Rfn.TriNuc.Mutation.Type.Hex.Colors.1}{TriNuc.Mutation.Type.Hex.Colors}{}% 90
\BOOKMARK [1][-]{Rfn.UpdateFilter.1}{UpdateFilter}{}% 91
\BOOKMARK [1][-]{Rfn.WriteFIREVATResultsToTSV.1}{WriteFIREVATResultsToTSV}{}% 92
\BOOKMARK [1][-]{Rfn.WriteVCF.1}{WriteVCF}{}% 93
